<?xml version="1.0" encoding="UTF-8"?>
<!-- Generated by org.testng.reporters.JUnitReportReporter -->
<testsuite hostname="DESKTOP-CN58ACS" failures="0" tests="1" name="myproject.abc" time="0.013" errors="0" timestamp="2022-10-24T11:45:50 IST" skipped="0">
  <testcase classname="myproject.abc" name="TC2" time="0.013"/>
  <system-out>
    <![CDATA[Running TC2]]>
  </system-out>
</testsuite> <!-- myproject.abc -->
