<?xml version="1.0" encoding="UTF-8"?>
<!-- Generated by org.testng.reporters.JUnitReportReporter -->
<testsuite hostname="DESKTOP-CN58ACS" failures="0" tests="1" name="myproject.A_Testclass" time="69.612" errors="0" timestamp="2022-10-25T12:49:01 IST" skipped="0">
  <testcase classname="myproject.A_Testclass" name="Verifyprofilename" time="69.612"/>
  <system-out/>
</testsuite> <!-- myproject.A_Testclass -->
